[INFO] Scanning for projects...
[INFO] 
[INFO] --------------------< com.example:simple-app-demo >---------------------
[INFO] Building demo 0.0.1-SNAPSHOT
[INFO]   from pom.xml
[INFO] --------------------------------[ jar ]---------------------------------
[INFO] 
[INFO] >>> spring-boot:3.4.1:run (default-cli) > test-compile @ simple-app-demo >>>
[INFO] 
[INFO] --- resources:3.3.1:resources (default-resources) @ simple-app-demo ---
[INFO] Copying 1 resource from src/main/resources to target/classes
[INFO] Copying 0 resource from src/main/resources to target/classes
[INFO] 
[INFO] --- compiler:3.13.0:compile (default-compile) @ simple-app-demo ---
[INFO] Nothing to compile - all classes are up to date.
[INFO] 
[INFO] --- resources:3.3.1:testResources (default-testResources) @ simple-app-demo ---
[INFO] skip non existing resourceDirectory /home/pradeep/simple-app-demo/src/test/resources
[INFO] 
[INFO] --- compiler:3.13.0:testCompile (default-testCompile) @ simple-app-demo ---
[INFO] Nothing to compile - all classes are up to date.
[INFO] 
[INFO] <<< spring-boot:3.4.1:run (default-cli) < test-compile @ simple-app-demo <<<
[INFO] 
[INFO] 
[INFO] --- spring-boot:3.4.1:run (default-cli) @ simple-app-demo ---
[INFO] Attaching agents: []

  .   ____          _            __ _ _
 /\\ / ___'_ __ _ _(_)_ __  __ _ \ \ \ \
( ( )\___ | '_ | '_| | '_ \/ _` | \ \ \ \
 \\/  ___)| |_)| | | | | || (_| |  ) ) ) )
  '  |____| .__|_| |_|_| |_\__, | / / / /
 =========|_|==============|___/=/_/_/_/

 :: Spring Boot ::                (v3.4.1)

2025-01-21T08:56:13.184Z  INFO 11797 --- [demo] [           main] c.e.simple_app_demo.DemoApplication      : Starting DemoApplication using Java 21.0.4 with PID 11797 (/home/pradeep/simple-app-demo/target/classes started by root in /home/pradeep/simple-app-demo)
2025-01-21T08:56:13.188Z  INFO 11797 --- [demo] [           main] c.e.simple_app_demo.DemoApplication      : No active profile set, falling back to 1 default profile: "default"
2025-01-21T08:56:14.424Z  INFO 11797 --- [demo] [           main] o.s.b.w.embedded.tomcat.TomcatWebServer  : Tomcat initialized with port 8080 (http)
2025-01-21T08:56:14.444Z  INFO 11797 --- [demo] [           main] o.apache.catalina.core.StandardService   : Starting service [Tomcat]
2025-01-21T08:56:14.444Z  INFO 11797 --- [demo] [           main] o.apache.catalina.core.StandardEngine    : Starting Servlet engine: [Apache Tomcat/10.1.34]
2025-01-21T08:56:14.495Z  INFO 11797 --- [demo] [           main] o.a.c.c.C.[Tomcat].[localhost].[/]       : Initializing Spring embedded WebApplicationContext
2025-01-21T08:56:14.496Z  INFO 11797 --- [demo] [           main] w.s.c.ServletWebServerApplicationContext : Root WebApplicationContext: initialization completed in 1211 ms
2025-01-21T08:56:14.905Z  INFO 11797 --- [demo] [           main] o.s.b.w.embedded.tomcat.TomcatWebServer  : Tomcat started on port 8080 (http) with context path '/'
2025-01-21T08:56:14.917Z  INFO 11797 --- [demo] [           main] c.e.simple_app_demo.DemoApplication      : Started DemoApplication in 2.375 seconds (process running for 2.815)
2025-01-21T08:56:28.672Z  INFO 11797 --- [demo] [nio-8080-exec-1] o.a.c.c.C.[Tomcat].[localhost].[/]       : Initializing Spring DispatcherServlet 'dispatcherServlet'
2025-01-21T08:56:28.672Z  INFO 11797 --- [demo] [nio-8080-exec-1] o.s.web.servlet.DispatcherServlet        : Initializing Servlet 'dispatcherServlet'
2025-01-21T08:56:28.673Z  INFO 11797 --- [demo] [nio-8080-exec-1] o.s.web.servlet.DispatcherServlet        : Completed initialization in 1 ms
2025-01-21T17:55:22.538Z  INFO 11797 --- [demo] [ionShutdownHook] o.s.b.w.e.tomcat.GracefulShutdown        : Commencing graceful shutdown. Waiting for active requests to complete
2025-01-21T17:55:22.551Z  INFO 11797 --- [demo] [tomcat-shutdown] o.s.b.w.e.tomcat.GracefulShutdown        : Graceful shutdown complete
